iMPACT Version: 14.7

iMPACT log file Started on Wed Oct 29 01:21:45 2014

Welcome to iMPACT
iMPACT Version: 14.7
Project: F:\Documents\School\NUS\Sem 5\CG3207 CG3207RESOURCES\Assignments\simple_count\\auto_project.ipf created.
// *** BATCH CMD : setMode -bs
GUI --- Auto connect to cable...
// *** BATCH CMD : setCable -port auto
INFO:iMPACT - Digilent Plugin: Plugin Version: 2.4.4
INFO:iMPACT - Digilent Plugin: no JTAG device was found.
AutoDetecting cable. Please wait.
*** WARNING ***: When port is set to auto detect mode, cable speed is set todefault 6 MHz regardless of explicit arguments supplied for setting the baudrates
PROGRESS_START - Starting Operation.
Connecting to cable (Usb Port - USB21).
Checking cable driver.
 Driver file xusb22.sys found.
 File E:/Xilinx/14.7/ISE_DS/ISE/bin/nt64/xusb22.sys not found.
 Driver windrvr6.sys version = 11.3.0.0. WinDriver v11.30 Jungo Connectivity (c) 1997 - 2013 Build Date: May 12 2013x86_64 64bit SYS 14:54:36, version = 1130.
Cable connection failed.
Connecting to cable (Parallel Port - LPT1).
Checking cable driver.
 Driver windrvr6.sys version = 11.3.0.0. WinDriver v11.30 Jungo Connectivity (c) 1997 - 2013 Build Date: May 12 2013x86_64 64bit SYS 14:54:36, version = 1130.
Cable connection failed.
Connecting to cable (Parallel Port - LPT2).
Checking cable driver.
 Driver windrvr6.sys version = 11.3.0.0. WinDriver v11.30 Jungo Connectivity (c) 1997 - 2013 Build Date: May 12 2013x86_64 64bit SYS 14:54:36, version = 1130.
Cable connection failed.
Connecting to cable (Parallel Port - LPT3).
Checking cable driver.
 Driver windrvr6.sys version = 11.3.0.0. WinDriver v11.30 Jungo Connectivity (c) 1997 - 2013 Build Date: May 12 2013x86_64 64bit SYS 14:54:36, version = 1130.
Cable connection failed.
Connecting to cable (Parallel Port - LPT4).
Checking cable driver.
 Driver windrvr6.sys version = 11.3.0.0. WinDriver v11.30 Jungo Connectivity (c) 1997 - 2013 Build Date: May 12 2013x86_64 64bit SYS 14:54:36, version = 1130.
Cable connection failed.
PROGRESS_END - End Operation.
Elapsed time =      4 sec.
Cable autodetection failed.
WARNING:iMPACT:923 - Can not find cable, check cable setup !// *** BATCH CMD : setMode -bs
INFO:iMPACT - Launching WebTalk, please refer to the webtalk log at   F:\Documents\School\NUS\Sem 5\CG3207 CG3207   RESOURCES\Assignments\simple_count\webtalk.log for details.
INFO:iMPACT - Running wbtc successfully.
// *** BATCH CMD : setMode -bs
// *** BATCH CMD : setMode -ss
// *** BATCH CMD : setMode -sm
// *** BATCH CMD : setMode -hw140
// *** BATCH CMD : setMode -spi
// *** BATCH CMD : setMode -acecf
// *** BATCH CMD : setMode -acempm
// *** BATCH CMD : setMode -pff
